initializing...
video lenth: 503.7s
cutting video to 2 252s chunks...




created 
creating subprocesses...
starting subprocesses...
MoviePy - Writing audio in chunk0.mp3
MoviePy - Done.
Moviepy - Building video chunk0.mp4.
MoviePy - Writing audio in chunk0TEMP_MPY_wvf_snd.mp3
MoviePy - Done.
Moviepy - Writing video chunk0.mp4

Moviepy - Done !
Moviepy - video ready chunk0.mp4
0 Finished
MoviePy - Writing audio in chunk1.mp3
MoviePy - Done.
Moviepy - Building video chunk1.mp4.
MoviePy - Writing audio in chunk1TEMP_MPY_wvf_snd.mp3
MoviePy - Done.
Moviepy - Writing video chunk1.mp4

running  subprocesses...
process 0 saved 0 seconds
process 1 saved 0 seconds

finished in 60.340723 seconds
